1620085518240	geckodriver	INFO	Listening on 127.0.0.1:63768
1620085521331	mozrunner::runner	INFO	Running command: "C:\\Program Files\\Mozilla Firefox\\firefox.exe" "--marionette" "-foreground" "-no-remote" "-profile" "C:\\Users\\sydne\\AppData\\Local\\Temp\\rust_mozprofilebjdK7Z"
console.warn: SearchSettings: "get: No settings file exists, new profile?" (new Error("", "(unknown module)"))
1620085524916	Marionette	INFO	Listening on port 63777
1620085525042	Marionette	WARN	TLS certificate errors will be ignored for this session
1620085548068	Marionette	INFO	Stopped listening on port 63777

###!!! [Child][RunMessage] Error: Channel closing: too late to send/recv, messages will be lost

"--marionette" "-foreground" "-no-remote" "-profile" "C:\\Users\\sydne\\AppData\\Local\\Temp\\rust_mozprofileE8L4JA"
console.warn: SearchSettings: "get: No settings file exists, new profile?" (new Error("", "(unknown module)"))
1620085551340	Marionette	INFO	Listening on port 63864
1620085551643	Marionette	WARN	TLS certificate errors will be ignored for this session
console.log: WebExtensions: reset-default-search: No addons in our list are installed.
JavaScript error: , line 0: NS_ERROR_NOT_AVAILABLE
1620086848627	Marionette	INFO	Stopped listening on port 63864
e" "-profile" "C:\\Users\\sydne\\AppData\\Local\\Temp\\rust_mozprofileJJAORQ"
console.warn: SearchSettings: "get: No settings file exists, new profile?" (new Error("", "(unknown module)"))
1620085743148	Marionette	INFO	Listening on port 64036
1620085743347	Marionette	WARN	TLS certificate errors will be ignored for this session
1620085850690	Marionette	INFO	Stopped listening on port 64036

###!!! [Child][RunMessage] Error: Channel closing: too late to send/recv, messages will be lost

1620086216448	geckodriver	INFO	Listening on 127.0.0.1:64358
1620086219490	mozrunner::runner	INFO	Running command: "C:\\Program Files\\Mozilla Firefox\\firefox.exe" "--marionette" "-foreground" "-no-remote" "-profile" "C:\\Users\\sydne\\AppData\\Local\\Temp\\rust_mozprofilevnD1Py"
console.warn: SearchSettings: "get: No settings file exists, new profile?" (new Error("", "(unknown module)"))
1620086222631	Marionette	INFO	Listening on port 64368
1620086222696	Marionette	WARN	TLS certificate errors will be ignored for this session
console.log: WebExtensions: reset-default-search: No addons in our list are installed.
1620086849361	Marionette	INFO	Stopped listening on port 64368

###!!! [Child][RunMessage] Error: Channel closing: too late to send/recv, messages will be lost

Temp\\rust_mozprofilezeun2z"
console.warn: SearchSettings: "get: No settings file exists, new profile?" (new Error("", "(unknown module)"))
1620086469014	Marionette	INFO	Listening on port 64587
1620086469104	Marionette	WARN	TLS certificate errors will be ignored for this session
1620086850318	Marionette	INFO	Stopped listening on port 64587

###!!! [Child][RunMessage] Error: Channel closing: too late to send/recv, messages will be lost

"--marionette" "-foreground" "-no-remote" "-profile" "C:\\Users\\sydne\\AppData\\Local\\Temp\\rust_mozprofileg3neuw"
console.warn: SearchSettings: "get: No settings file exists, new profile?" (new Error("", "(unknown module)"))
1620086687168	Marionette	INFO	Listening on port 64770
1620086687581	Marionette	WARN	TLS certificate errors will be ignored for this session
console.log: WebExtensions: reset-default-search: No addons in our list are installed.
JavaScript error: , line 0: NS_ERROR_NOT_AVAILABLE
1620088216758	Marionette	INFO	Stopped listening on port 64770

###!!! [Child][RunMessage] Error: Channel closing: too late to send/recv, messages will be lost

tings: "get: No settings file exists, new profile?" (new Error("", "(unknown module)"))
1620086718749	Marionette	INFO	Listening on port 64867
1620086719226	Marionette	WARN	TLS certificate errors will be ignored for this session
console.log: WebExtensions: reset-default-search: No addons in our list are installed.
JavaScript error: , line 0: NS_ERROR_NOT_AVAILABLE
1620090387606	Marionette	INFO	Stopped listening on port 64867

###!!! [Child][RunMessage] Error: Channel closing: too late to send/recv, messages will be lost

tings: "get: No settings file exists, new profile?" (new Error("", "(unknown module)"))
1620086743527	Marionette	INFO	Listening on port 64960
1620086743645	Marionette	WARN	TLS certificate errors will be ignored for this session
console.log: WebExtensions: reset-default-search: No addons in our list are installed.
JavaScript error: , line 0: NS_ERROR_NOT_AVAILABLE
1620088214764	Marionette	INFO	Stopped listening on port 64960
e" "-profile" "C:\\Users\\sydne\\AppData\\Local\\Temp\\rust_mozprofilegBJOc6"
console.warn: SearchSettings: "get: No settings file exists, new profile?" (new Error("", "(unknown module)"))
1620086819461	Marionette	INFO	Listening on port 65099
1620086819640	Marionette	WARN	TLS certificate errors will be ignored for this session
console.log: WebExtensions: reset-default-search: No addons in our list are installed.
JavaScript error: , line 0: NS_ERROR_NOT_AVAILABLE
1620088212350	Marionette	INFO	Stopped listening on port 65099

###!!! [Child][RunMessage] Error: Channel closing: too late to send/recv, messages will be lost

tings: "get: No settings file exists, new profile?" (new Error("", "(unknown module)"))
1620086852645	Marionette	INFO	Listening on port 65196
1620086853016	Marionette	WARN	TLS certificate errors will be ignored for this session
console.log: WebExtensions: reset-default-search: No addons in our list are installed.
JavaScript error: , line 0: NS_ERROR_NOT_AVAILABLE
1620089262684	Marionette	INFO	Stopped listening on port 65196

###!!! [Child][RunMessage] Error: Channel closing: too late to send/recv, messages will be lost

tings: "get: No settings file exists, new profile?" (new Error("", "(unknown module)"))
1620087187589	Marionette	INFO	Listening on port 65452
1620087188023	Marionette	WARN	TLS certificate errors will be ignored for this session
1620087196202	Marionette	INFO	Stopped listening on port 65452

###!!! [Child][RunMessage] Error: Channel closing: too late to send/recv, messages will be lost

1620087388502	geckodriver	INFO	Listening on 127.0.0.1:49261
1620087391547	mozrunner::runner	INFO	Running command: "C:\\Program Files\\Mozilla Firefox\\firefox.exe" "--marionette" "-foreground" "-no-remote" "-profile" "C:\\Users\\sydne\\AppData\\Local\\Temp\\rust_mozprofile7KNu0Q"
console.warn: SearchSettings: "get: No settings file exists, new profile?" (new Error("", "(unknown module)"))
1620087394792	Marionette	INFO	Listening on port 49271
1620087395255	Marionette	WARN	TLS certificate errors will be ignored for this session
1620087404024	Marionette	INFO	Stopped listening on port 49271

###!!! [Child][RunMessage] Error: Channel closing: too late to send/recv, messages will be lost

1620087535064	geckodriver	INFO	Listening on 127.0.0.1:49405
1620087538113	mozrunner::runner	INFO	Running command: "C:\\Program Files\\Mozilla Firefox\\firefox.exe" "--marionette" "-foreground" "-no-remote" "-profile" "C:\\Users\\sydne\\AppData\\Local\\Temp\\rust_mozprofilegLCDff"
console.warn: SearchSettings: "get: No settings file exists, new profile?" (new Error("", "(unknown module)"))
1620087541417	Marionette	INFO	Listening on port 49676
1620087541803	Marionette	WARN	TLS certificate errors will be ignored for this session
1620087550099	Marionette	INFO	Stopped listening on port 49676

###!!! [Child][RunMessage] Error: Channel closing: too late to send/recv, messages will be lost

1620087739864	geckodriver	INFO	Listening on 127.0.0.1:49832
1620087742946	mozrunner::runner	INFO	Running command: "C:\\Program Files\\Mozilla Firefox\\firefox.exe" "--marionette" "-foreground" "-no-remote" "-profile" "C:\\Users\\sydne\\AppData\\Local\\Temp\\rust_mozprofilerBe9OF"
console.warn: SearchSettings: "get: No settings file exists, new profile?" (new Error("", "(unknown module)"))
1620087746162	Marionette	INFO	Listening on port 49841
1620087746646	Marionette	WARN	TLS certificate errors will be ignored for this session
1620087752296	Marionette	INFO	Stopped listening on port 49841

###!!! [Child][RunMessage] Error: Channel closing: too late to send/recv, messages will be lost

1620087926104	geckodriver	INFO	Listening on 127.0.0.1:49992
1620087929136	mozrunner::runner	INFO	Running command: "C:\\Program Files\\Mozilla Firefox\\firefox.exe" "--marionette" "-foreground" "-no-remote" "-profile" "C:\\Users\\sydne\\AppData\\Local\\Temp\\rust_mozprofileGGUxNM"
console.warn: SearchSettings: "get: No settings file exists, new profile?" (new Error("", "(unknown module)"))
1620087933405	Marionette	INFO	Listening on port 50002
1620087933467	Marionette	WARN	TLS certificate errors will be ignored for this session
1620087943996	Marionette	INFO	Stopped listening on port 50002

###!!! [Child][RunMessage] Error: Channel closing: too late to send/recv, messages will be lost

1620088417973	geckodriver	INFO	Listening on 127.0.0.1:50494
1620088421029	mozrunner::runner	INFO	Running command: "C:\\Program Files\\Mozilla Firefox\\firefox.exe" "--marionette" "-foreground" "-no-remote" "-profile" "C:\\Users\\sydne\\AppData\\Local\\Temp\\rust_mozprofileoC5Lm5"
console.warn: SearchSettings: "get: No settings file exists, new profile?" (new Error("", "(unknown module)"))
1620088425043	Marionette	INFO	Listening on port 50503
1620088425247	Marionette	WARN	TLS certificate errors will be ignored for this session
1620088434308	Marionette	INFO	Stopped listening on port 50503

###!!! [Child][RunMessage] Error: Channel closing: too late to send/recv, messages will be lost

1620088506039	geckodriver	INFO	Listening on 127.0.0.1:50619
1620088509110	mozrunner::runner	INFO	Running command: "C:\\Program Files\\Mozilla Firefox\\firefox.exe" "--marionette" "-foreground" "-no-remote" "-profile" "C:\\Users\\sydne\\AppData\\Local\\Temp\\rust_mozprofileVIte7p"
console.warn: SearchSettings: "get: No settings file exists, new profile?" (new Error("", "(unknown module)"))
1620088513566	Marionette	INFO	Listening on port 50629
1620088513970	Marionette	WARN	TLS certificate errors will be ignored for this session
1620088522533	Marionette	INFO	Stopped listening on port 50629
JavaScript error: resource://activity-stream/lib/ASRouter.jsm, line 988: NS_ERROR_ILLEGAL_VALUE: Component returned failure code: 0x80070057 (NS_ERROR_ILLEGAL_VALUE) [nsIObserverService.removeObserver]
[Parent 16164, IPC I/O Parent] WARNING: file /builds/worker/checkouts/gecko/ipc/chromium/src/base/process_util_win.cc:167

###!!! [Child][RunMessage] Error: Channel closing: too late to send/recv, messages will be lost

1620088693773	geckodriver	INFO	Listening on 127.0.0.1:50788
1620088696826	mozrunner::runner	INFO	Running command: "C:\\Program Files\\Mozilla Firefox\\firefox.exe" "--marionette" "-foreground" "-no-remote" "-profile" "C:\\Users\\sydne\\AppData\\Local\\Temp\\rust_mozprofile7ubR6f"
console.warn: SearchSettings: "get: No settings file exists, new profile?" (new Error("", "(unknown module)"))
1620088702097	Marionette	INFO	Listening on port 50798
1620088702195	Marionette	WARN	TLS certificate errors will be ignored for this session
1620088709211	Marionette	INFO	Stopped listening on port 50798

###!!! [Child][RunMessage] Error: Channel closing: too late to send/recv, messages will be lost

1620088823613	geckodriver	INFO	Listening on 127.0.0.1:50965
1620088826674	mozrunner::runner	INFO	Running command: "C:\\Program Files\\Mozilla Firefox\\firefox.exe" "--marionette" "-foreground" "-no-remote" "-profile" "C:\\Users\\sydne\\AppData\\Local\\Temp\\rust_mozprofilepcE6Xe"
console.warn: SearchSettings: "get: No settings file exists, new profile?" (new Error("", "(unknown module)"))
1620088830452	Marionette	INFO	Listening on port 50974
1620088830884	Marionette	WARN	TLS certificate errors will be ignored for this session
1620088846281	Marionette	INFO	Stopped listening on port 50974
1620089064524	geckodriver	INFO	Listening on 127.0.0.1:51174
1620089067644	mozrunner::runner	INFO	Running command: "C:\\Program Files\\Mozilla Firefox\\firefox.exe" "--marionette" "-foreground" "-no-remote" "-profile" "C:\\Users\\sydne\\AppData\\Local\\Temp\\rust_mozprofilexuGMq1"
console.warn: SearchSettings: "get: No settings file exists, new profile?" (new Error("", "(unknown module)"))
1620089071551	Marionette	INFO	Listening on port 51183
1620089071906	Marionette	WARN	TLS certificate errors will be ignored for this session
1620089081082	Marionette	INFO	Stopped listening on port 51183

###!!! [Child][RunMessage] Error: Channel closing: too late to send/recv, messages will be lost

1620089229828	geckodriver	INFO	Listening on 127.0.0.1:51347
1620089232916	mozrunner::runner	INFO	Running command: "C:\\Program Files\\Mozilla Firefox\\firefox.exe" "--marionette" "-foreground" "-no-remote" "-profile" "C:\\Users\\sydne\\AppData\\Local\\Temp\\rust_mozprofileh37ctQ"
console.warn: SearchSettings: "get: No settings file exists, new profile?" (new Error("", "(unknown module)"))
1620089237421	Marionette	INFO	Listening on port 51356
1620089237795	Marionette	WARN	TLS certificate errors will be ignored for this session
1620089250023	Marionette	INFO	Stopped listening on port 51356

###!!! [Child][RunMessage] Error: Channel closing: too late to send/recv, messages will be lost

1620089326044	geckodriver	INFO	Listening on 127.0.0.1:51474
1620089329130	mozrunner::runner	INFO	Running command: "C:\\Program Files\\Mozilla Firefox\\firefox.exe" "--marionette" "-foreground" "-no-remote" "-profile" "C:\\Users\\sydne\\AppData\\Local\\Temp\\rust_mozprofilesnDgLE"
console.warn: SearchSettings: "get: No settings file exists, new profile?" (new Error("", "(unknown module)"))
1620089332852	Marionette	INFO	Listening on port 51484
1620089333379	Marionette	WARN	TLS certificate errors will be ignored for this session
console.log: WebExtensions: reset-default-search: No addons in our list are installed.
JavaScript error: , line 0: NS_ERROR_NOT_AVAILABLE
1620090388645	Marionette	INFO	Stopped listening on port 51484
irefox\\firefox.exe" "--marionette" "-foreground" "-no-remote" "-profile" "C:\\Users\\sydne\\AppData\\Local\\Temp\\rust_mozprofile5KMTgW"
console.warn: SearchSettings: "get: No settings file exists, new profile?" (new Error("", "(unknown module)"))
1620089519233	Marionette	INFO	Listening on port 51720
1620089519678	Marionette	WARN	TLS certificate errors will be ignored for this session
1620089531897	Marionette	INFO	Stopped listening on port 51720
1620089702914	geckodriver	INFO	Listening on 127.0.0.1:51883
1620089705984	mozrunner::runner	INFO	Running command: "C:\\Program Files\\Mozilla Firefox\\firefox.exe" "--marionette" "-foreground" "-no-remote" "-profile" "C:\\Users\\sydne\\AppData\\Local\\Temp\\rust_mozprofileKGLYEu"
console.warn: SearchSettings: "get: No settings file exists, new profile?" (new Error("", "(unknown module)"))
1620089711960	Marionette	INFO	Listening on port 51895
1620089712402	Marionette	WARN	TLS certificate errors will be ignored for this session
1620089726791	Marionette	INFO	Stopped listening on port 51895

###!!! [Child][RunMessage] Error: Channel closing: too late to send/recv, messages will be lost

1620089866516	geckodriver	INFO	Listening on 127.0.0.1:52046
1620089869595	mozrunner::runner	INFO	Running command: "C:\\Program Files\\Mozilla Firefox\\firefox.exe" "--marionette" "-foreground" "-no-remote" "-profile" "C:\\Users\\sydne\\AppData\\Local\\Temp\\rust_mozprofileFkdi3k"
console.warn: SearchSettings: "get: No settings file exists, new profile?" (new Error("", "(unknown module)"))
1620089874139	Marionette	INFO	Listening on port 52055
1620089874469	Marionette	WARN	TLS certificate errors will be ignored for this session
1620090278356	Marionette	INFO	Stopped listening on port 52055

###!!! [Child][RunMessage] Error: Channel closing: too late to send/recv, messages will be lost

"--marionette" "-foreground" "-no-remote" "-profile" "C:\\Users\\sydne\\AppData\\Local\\Temp\\rust_mozprofilet6I29b"
console.warn: SearchSettings: "get: No settings file exists, new profile?" (new Error("", "(unknown module)"))
1620089936427	Marionette	INFO	Listening on port 52164
1620089936553	Marionette	WARN	TLS certificate errors will be ignored for this session
1620090275811	Marionette	INFO	Stopped listening on port 52164

###!!! [Child][RunMessage] Error: Channel closing: too late to send/recv, messages will be lost

"--marionette" "-foreground" "-no-remote" "-profile" "C:\\Users\\sydne\\AppData\\Local\\Temp\\rust_mozprofiletXs45b"
console.warn: SearchSettings: "get: No settings file exists, new profile?" (new Error("", "(unknown module)"))
1620089964823	Marionette	INFO	Listening on port 52255
1620089965116	Marionette	WARN	TLS certificate errors will be ignored for this session
1620089974360	Marionette	INFO	Stopped listening on port 52255
1620090058548	geckodriver	INFO	Listening on 127.0.0.1:52376
1620090061614	mozrunner::runner	INFO	Running command: "C:\\Program Files\\Mozilla Firefox\\firefox.exe" "--marionette" "-foreground" "-no-remote" "-profile" "C:\\Users\\sydne\\AppData\\Local\\Temp\\rust_mozprofileI08gmf"
console.warn: SearchSettings: "get: No settings file exists, new profile?" (new Error("", "(unknown module)"))
1620090066048	Marionette	INFO	Listening on port 52385
1620090066455	Marionette	WARN	TLS certificate errors will be ignored for this session
1620090076673	Marionette	INFO	Stopped listening on port 52385

###!!! [Child][RunMessage] Error: Channel closing: too late to send/recv, messages will be lost

1620090194498	geckodriver	INFO	Listening on 127.0.0.1:52534
1620090197570	mozrunner::runner	INFO	Running command: "C:\\Program Files\\Mozilla Firefox\\firefox.exe" "--marionette" "-foreground" "-no-remote" "-profile" "C:\\Users\\sydne\\AppData\\Local\\Temp\\rust_mozprofilea4Xp5K"
console.warn: SearchSettings: "get: No settings file exists, new profile?" (new Error("", "(unknown module)"))
1620090203718	Marionette	INFO	Listening on port 52543
1620090203954	Marionette	WARN	TLS certificate errors will be ignored for this session
1620090214998	Marionette	INFO	Stopped listening on port 52543

###!!! [Child][RunMessage] Error: Channel closing: too late to send/recv, messages will be lost

1620090380483	geckodriver	INFO	Listening on 127.0.0.1:52712
1620090383565	mozrunner::runner	INFO	Running command: "C:\\Program Files\\Mozilla Firefox\\firefox.exe" "--marionette" "-foreground" "-no-remote" "-profile" "C:\\Users\\sydne\\AppData\\Local\\Temp\\rust_mozprofileoE51qz"
console.warn: SearchSettings: "get: No settings file exists, new profile?" (new Error("", "(unknown module)"))
1620090389451	Marionette	INFO	Listening on port 52721
1620090389814	Marionette	WARN	TLS certificate errors will be ignored for this session
console.log: WebExtensions: reset-default-search: No addons in our list are installed.
JavaScript error: , line 0: NS_ERROR_NOT_AVAILABLE
1620097669358	Marionette	INFO	Stopped listening on port 52721
e" "-profile" "C:\\Users\\sydne\\AppData\\Local\\Temp\\rust_mozprofile4ID2qS"
console.warn: SearchSettings: "get: No settings file exists, new profile?" (new Error("", "(unknown module)"))
1620090888791	Marionette	INFO	Listening on port 53051
1620090889099	Marionette	WARN	TLS certificate errors will be ignored for this session
JavaScript error: , line 0: NotFoundError: No such JSWindowActor 'MarionetteCommands'
1620090973271	Marionette	INFO	Stopped listening on port 53051620090974242	mozrunner::runner	INFO	Running command: "C:\\Program Files\\Mozilla Firefox\\firefox.exe" "--marionette" "-foreground" "-no-remote" "-profile" "C:\\Users\\sydne\\AppData\\Local\\Temp\\rust_mozprofilehnhfri"
console.warn: SearchSettings: "get: No settings file exists, new profile?" (new Error("", "(unknown module)"))
1620090978423	Marionette	INFO	Listening on port 53183
1620090978515	Marionette	WARN	TLS certificate errors will be ignored for this session
1620090987202	Marionette	INFO	Stopped listening on port 53183
1620091051685	geckodriver	INFO	Listening on 127.0.0.1:53297
1620091054794	mozrunner::runner	INFO	Running command: "C:\\Program Files\\Mozilla Firefox\\firefox.exe" "--marionette" "-foreground" "-no-remote" "-profile" "C:\\Users\\sydne\\AppData\\Local\\Temp\\rust_mozprofileocyWsG"
console.warn: SearchSettings: "get: No settings file exists, new profile?" (new Error("", "(unknown module)"))
1620091058992	Marionette	INFO	Listening on port 53307
1620091059055	Marionette	WARN	TLS certificate errors will be ignored for this session
JavaScript error: , line 0: NotFoundError: No such JSWindowActor 'MarionetteCommands'
console.log: WebExtensions: reset-default-search: No addons in our list are installed.
JavaScript error: , line 0: NS_ERROR_NOT_AVAILABLE
1620097665770	Marionette	INFO	Stopped listening on port 53307

###!!! [Child][RunMessage] Error: Channel closing: too late to send/recv, messages will be lost

tings: "get: No settings file exists, new profile?" (new Error("", "(unknown module)"))
1620091199637	Marionette	INFO	Listening on port 53445
1620091199998	Marionette	WARN	TLS certificate errors will be ignored for this session
1620091224826	Marionette	INFO	Stopped listening on port 53441620091225231	mozrunner::runner	INFO	Running command: "C:\\Program Files\\Mozilla Firefox\\firefox.exe" "--marionette" "-foreground" "-no-remote" "-profile" "C:\\Users\\sydne\\AppData\\Local\\Temp\\rust_mozprofileARmkg6"
console.warn: SearchSettings: "get: No settings file exists, new profile?" (new Error("", "(unknown module)"))
1620091229871	Marionette	INFO	Listening on port 53534
1620091230096	Marionette	WARN	TLS certificate errors will be ignored for this session
console.log: WebExtensions: reset-default-search: No addons in our list are installed.
JavaScript error: , line 0: NS_ERROR_NOT_AVAILABLE
1620094433278	Marionette	INFO	Stopped listening on port 53534
