1619989985289	geckodriver	INFO	Listening on 127.0.0.1:63347
1619989988364	mozrunner::runner	INFO	Running command: "C:\\Program Files\\Mozilla Firefox\\firefox.exe" "--marionette" "-foreground" "-no-remote" "-profile" "C:\\Users\\sydne\\AppData\\Local\\Temp\\rust_mozprofiles4HCUn"
console.warn: SearchSettings: "get: No settings file exists, new profile?" (new Error("", "(unknown module)"))
1619989991556	Marionette	INFO	Listening on port 63357
1619989992061	Marionette	WARN	TLS certificate errors will be ignored for this session
JavaScript error: , line 0: uncaught exception: undefined
JavaScript error: , line 0: uncaught exception: undefined
IPDL protocol error: Handler returned error code!

###!!! [Parent][DispatchAsyncMessage] Error: PMessagePort::Msg_PostMessages Processing error: message was deserialized, but the handler returned false (indicating failure)

JavaScript error: , line 0: uncaught exception: undefined
JavaScript error: , line 0: uncaught exception: undefined
JavaScript error: , line 0: uncaught exception: undefined
JavaScript error: , line 0: uncaught exception: undefined
JavaScript error: , line 0: uncaught exception: undefined
JavaScript error: , line 0: uncaught exception: undefined
JavaScript error: , line 0: uncaught exception: undefined
JavaScript error: , line 0: uncaught exception: undefined
JavaScript error: , line 0: uncaught exception: undefined
1619990173402	Marionette	WARN	Ignoring event 'DOMContentLoaded' because document has an invalid readyState of 'complete'.
JavaScript error: , line 0: uncaught exception: undefined
JavaScript error: , line 0: uncaught exception: undefined
JavaScript error: , line 0: uncaught exception: undefined
JavaScript error: , line 0: uncaught exception: undefined
JavaScript error: , line 0: uncaught exception: undefined
JavaScript error: , line 0: uncaught exception: undefined
JavaScript error: , line 0: uncaught exception: undefined
JavaScript error: , line 0: uncaught exception: undefined
JavaScript error: , line 0: uncaught exception: undefined
JavaScript error: , line 0: uncaught exception: undefined
JavaScript error: , line 0: uncaught exception: undefined
JavaScript error: , line 0: uncaught exception: undefined
JavaScript error: , line 0: uncaught exception: undefined
JavaScript error: , line 0: uncaught exception: undefined
JavaScript error: , line 0: uncaught exception: undefined
JavaScript error: , line 0: uncaught exception: undefined
JavaScript error: , line 0: uncaught exception: undefined
JavaScript error: , line 0: uncaught exception: undefined
JavaScript error: , line 0: uncaught exception: undefined
JavaScript error: , line 0: uncaught exception: undefined
JavaScript error: , line 0: uncaught exception: undefined
JavaScript error: , line 0: uncaught exception: undefined
JavaScript error: , line 0: uncaught exception: undefined
JavaScript error: , line 0: uncaught exception: undefined
JavaScript error: resource:///actors/ContentMetaChild.jsm, line 179: InvalidStateError: JSWindowActorChild.sendAsyncMessage: JSWindowActorChild cannot send at the moment
JavaScript error: , line 0: uncaught exception: undefined
JavaScript error: , line 0: uncaught exception: undefined
JavaScript error: , line 0: uncaught exception: undefined
JavaScript error: , line 0: uncaught exception: undefined
JavaScript error: , line 0: uncaught exception: undefined
JavaScript error: , line 0: uncaught exception: undefined
JavaScript error: , line 0: uncaught exception: undefined
JavaScript error: , line 0: uncaught exception: undefined
JavaScript error: , line 0: uncaught exception: undefined
JavaScript error: , line 0: uncaught exception: undefined
JavaScript error: , line 0: uncaught exception: undefined
JavaScript error: , line 0: uncaught exception: undefined
JavaScript error: , line 0: uncaught exception: undefined
console.log: WebExtensions: reset-default-search: No addons in our list are installed.
JavaScript error: , line 0: uncaught exception: undefined
JavaScript error: , line 0: uncaught exception: undefined
JavaScript error: , line 0: uncaught exception: undefined
JavaScript error: , line 0: uncaught exception: undefined
JavaScript error: , line 0: uncaught exception: undefined
JavaScript error: , line 0: uncaught exception: undefined
JavaScript error: , line 0: uncaught exception: undefined
JavaScript error: , line 0: uncaught exception: undefined
JavaScript error: , line 0: uncaught exception: undefined
JavaScript error: , line 0: uncaught exception: undefined
JavaScript error: , line 0: uncaught exception: undefined
JavaScript error: , line 0: uncaught exception: undefined
JavaScript error: , line 0: uncaught exception: undefined
JavaScript error: , line 0: uncaught exception: undefined
JavaScript error: , line 0: uncaught exception: undefined
JavaScript error: , line 0: uncaught exception: undefined
JavaScript error: , line 0: uncaught exception: undefined
JavaScript error: , line 0: uncaught exception: undefined
JavaScript error: , line 0: uncaught exception: undefined
JavaScript error: , line 0: uncaught exception: undefined
JavaScript error: , line 0: uncaught exception: undefined
JavaScript error: , line 0: uncaught exception: undefined
JavaScript error: , line 0: uncaught exception: undefined
JavaScript error: , line 0: uncaught exception: undefined
JavaScript error: , line 0: uncaught exception: undefined
JavaScript error: , line 0: uncaught exception: undefined
JavaScript error: , line 0: uncaught exception: undefined
JavaScript error: , line 0: uncaught exception: undefined
JavaScript error: , line 0: uncaught exception: undefined
JavaScript error: resource:///actors/ContentMetaChild.jsm, line 179: InvalidStateError: JSWindowActorChild.sendAsyncMessage: JSWindowActorChild cannot send at the moment
JavaScript error: , line 0: uncaught exception: undefined
JavaScript error: , line 0: uncaught exception: undefined
JavaScript error: , line 0: uncaught exception: undefined
JavaScript error: , line 0: uncaught exception: undefined
JavaScript error: , line 0: uncaught exception: undefined
JavaScript error: , line 0: uncaught exception: undefined
JavaScript error: , line 0: uncaught exception: undefined
JavaScript error: , line 0: uncaught exception: undefined
JavaScript error: , line 0: uncaught exception: undefined
JavaScript error: , line 0: uncaught exception: undefined
JavaScript error: , line 0: uncaught exception: undefined
JavaScript error: , line 0: uncaught exception: undefined
JavaScript error: , line 0: uncaught exception: undefined
JavaScript error: , line 0: uncaught exception: undefined
JavaScript error: , line 0: uncaught exception: undefined
JavaScript error: , line 0: uncaught exception: undefined
JavaScript error: resource:///actors/ContentMetaChild.jsm, line 179: InvalidStateError: JSWindowActorChild.sendAsyncMessage: JSWindowActorChild cannot send at the moment
JavaScript error: , line 0: uncaught exception: undefined
JavaScript error: , line 0: uncaught exception: undefined
1619990835529	Marionette	INFO	Stopped listening on port 63357

###!!! [Child][RunMessage] Error: Channel closing: too late to send/recv, messages will be lost

1619990958342	geckodriver	INFO	Listening on 127.0.0.1:50148
1619990961406	mozrunner::runner	INFO	Running command: "C:\\Program Files\\Mozilla Firefox\\firefox.exe" "--marionette" "-foreground" "-no-remote" "-profile" "C:\\Users\\sydne\\AppData\\Local\\Temp\\rust_mozprofileGKc7tu"
console.warn: SearchSettings: "get: No settings file exists, new profile?" (new Error("", "(unknown module)"))
1619990964419	Marionette	INFO	Listening on port 50156
1619990964581	Marionette	WARN	TLS certificate errors will be ignored for this session
1619990983139	Marionette	INFO	Stopped listening on port 50156

###!!! [Child][RunMessage] Error: Channel closing: too late to send/recv, messages will be lost

1619991325718	geckodriver	INFO	Listening on 127.0.0.1:50303
1619991328770	mozrunner::runner	INFO	Running command: "C:\\Program Files\\Mozilla Firefox\\firefox.exe" "--marionette" "-foreground" "-no-remote" "-profile" "C:\\Users\\sydne\\AppData\\Local\\Temp\\rust_mozprofileukcX8Y"
console.warn: SearchSettings: "get: No settings file exists, new profile?" (new Error("", "(unknown module)"))
1619991331671	Marionette	INFO	Listening on port 50311
1619991331954	Marionette	WARN	TLS certificate errors will be ignored for this session
1619991391632	Marionette	INFO	Stopped listening on port 50311

###!!! [Child][RunMessage] Error: Channel closing: too late to send/recv, messages will be lost

"--marionette" "-foreground" "-no-remote" "-profile" "C:\\Users\\sydne\\AppData\\Local\\Temp\\rust_mozprofileDuEzSe"
console.warn: SearchSettings: "get: No settings file exists, new profile?" (new Error("", "(unknown module)"))
1619991392224	Marionette	INFO	Listening on port 50392
1619991392291	Marionette	WARN	TLS certificate errors will be ignored for this session
JavaScript error: , line 0: uncaught exception: undefined
1619991412410	Marionette	INFO	Stopped listening on port 50392

###!!! [Child][RunMessage] Error: Channel closing: too late to send/recv, messages will be lost

1619991557240	geckodriver	INFO	Listening on 127.0.0.1:50508
1619991560308	mozrunner::runner	INFO	Running command: "C:\\Program Files\\Mozilla Firefox\\firefox.exe" "--marionette" "-foreground" "-no-remote" "-profile" "C:\\Users\\sydne\\AppData\\Local\\Temp\\rust_mozprofilem0BFUJ"
console.warn: SearchSettings: "get: No settings file exists, new profile?" (new Error("", "(unknown module)"))
1619991563140	Marionette	INFO	Listening on port 50516
1619991563508	Marionette	WARN	TLS certificate errors will be ignored for this session
1619991593012	Marionette	INFO	Stopped listening on port 50516

###!!! [Child][RunMessage] Error: Channel closing: too late to send/recv, messages will be lost

1619997187593	geckodriver	INFO	Listening on 127.0.0.1:57563
1619997190660	mozrunner::runner	INFO	Running command: "C:\\Program Files\\Mozilla Firefox\\firefox.exe" "--marionette" "-foreground" "-no-remote" "-profile" "C:\\Users\\sydne\\AppData\\Local\\Temp\\rust_mozprofile5GVCkp"
console.warn: SearchSettings: "get: No settings file exists, new profile?" (new Error("", "(unknown module)"))
1619997194037	Marionette	INFO	Listening on port 57571
1619997194347	Marionette	WARN	TLS certificate errors will be ignored for this session
JavaScript error: resource:///actors/ContentMetaChild.jsm, line 179: InvalidStateError: JSWindowActorChild.sendAsyncMessage: JSWindowActorChild cannot send at the moment
JavaScript error: , line 0: uncaught exception: undefined
JavaScript error: resource:///actors/ContentMetaChild.jsm, line 179: InvalidStateError: JSWindowActorChild.sendAsyncMessage: JSWindowActorChild cannot send at the moment
1619997233450	Marionette	INFO	Stopped listening on port 57571

###!!! [Child][RunMessage] Error: Channel closing: too late to send/recv, messages will be lost

1619997335503	geckodriver	INFO	Listening on 127.0.0.1:57830
1619997338547	mozrunner::runner	INFO	Running command: "C:\\Program Files\\Mozilla Firefox\\firefox.exe" "--marionette" "-foreground" "-no-remote" "-profile" "C:\\Users\\sydne\\AppData\\Local\\Temp\\rust_mozprofileTAT7hR"
console.warn: SearchSettings: "get: No settings file exists, new profile?" (new Error("", "(unknown module)"))
1619997342689	Marionette	INFO	Listening on port 57838
1619997342777	Marionette	WARN	TLS certificate errors will be ignored for this session
JavaScript error: resource:///actors/ContentMetaChild.jsm, line 179: InvalidStateError: JSWindowActorChild.sendAsyncMessage: JSWindowActorChild cannot send at the moment
JavaScript error: , line 0: uncaught exception: undefined
JavaScript error: , line 0: uncaught exception: undefined
1619997380921	Marionette	INFO	Stopped listening on port 57838

###!!! [Child][RunMessage] Error: Channel closing: too late to send/recv, messages will be lost


###!!! [Child][RunMessage] Error: Channel closing: too late to send/recv, messages will be lost

1619997735249	geckodriver	INFO	Listening on 127.0.0.1:58447
1619997738317	mozrunner::runner	INFO	Running command: "C:\\Program Files\\Mozilla Firefox\\firefox.exe" "--marionette" "-foreground" "-no-remote" "-profile" "C:\\Users\\sydne\\AppData\\Local\\Temp\\rust_mozprofileMU5gOo"
console.warn: SearchSettings: "get: No settings file exists, new profile?" (new Error("", "(unknown module)"))
1619997741550	Marionette	INFO	Listening on port 58455
1619997742024	Marionette	WARN	TLS certificate errors will be ignored for this session
JavaScript error: , line 0: uncaught exception: undefined
1619997762408	Marionette	INFO	Stopped listening on port 58455

###!!! [Child][RunMessage] Error: Channel closing: too late to send/recv, messages will be lost

1619997928044	geckodriver	INFO	Listening on 127.0.0.1:58803
1619997931117	mozrunner::runner	INFO	Running command: "C:\\Program Files\\Mozilla Firefox\\firefox.exe" "--marionette" "-foreground" "-no-remote" "-profile" "C:\\Users\\sydne\\AppData\\Local\\Temp\\rust_mozprofileCltyyV"
console.warn: SearchSettings: "get: No settings file exists, new profile?" (new Error("", "(unknown module)"))
1619997934604	Marionette	INFO	Listening on port 58813
1619997934829	Marionette	WARN	TLS certificate errors will be ignored for this session
JavaScript error: , line 0: uncaught exception: undefined
JavaScript error: , line 0: uncaught exception: undefined
JavaScript error: , line 0: uncaught exception: undefined
JavaScript error: , line 0: uncaught exception: undefined
JavaScript error: , line 0: uncaught exception: undefined
1619997970030	Marionette	INFO	Stopped listening on port 58813

###!!! [Child][RunMessage] Error: Channel closing: too late to send/recv, messages will be lost

1619998478714	geckodriver	INFO	Listening on 127.0.0.1:59199
1619998481762	mozrunner::runner	INFO	Running command: "C:\\Program Files\\Mozilla Firefox\\firefox.exe" "--marionette" "-foreground" "-no-remote" "-profile" "C:\\Users\\sydne\\AppData\\Local\\Temp\\rust_mozprofile8BLyNO"
console.warn: SearchSettings: "get: No settings file exists, new profile?" (new Error("", "(unknown module)"))
1619998485556	Marionette	INFO	Listening on port 59207
1619998485955	Marionette	WARN	TLS certificate errors will be ignored for this session
1619998557915	Marionette	INFO	Stopped listening on port 59201619998559343	mozrunner::runner	INFO	Running command: "C:\\Program Files\\Mozilla Firefox\\firefox.exe" "--marionette" "-foreground" "-no-remote" "-profile" "C:\\Users\\sydne\\AppData\\Local\\Temp\\rust_mozprofileCzhjul"
console.warn: SearchSettings: "get: No settings file exists, new profile?" (new Error("", "(unknown module)"))
1619998562593	Marionette	INFO	Listening on port 59430
1619998563021	Marionette	WARN	TLS certificate errors will be ignored for this session
JavaScript error: , line 0: uncaught exception: undefined
JavaScript error: , line 0: uncaught exception: undefined
JavaScript error: , line 0: uncaught exception: undefined
JavaScript error: , line 0: uncaught exception: undefined
1619998597736	Marionette	INFO	Stopped listening on port 59430
1619998688896	geckodriver	INFO	Listening on 127.0.0.1:59568
1619998691944	mozrunner::runner	INFO	Running command: "C:\\Program Files\\Mozilla Firefox\\firefox.exe" "--marionette" "-foreground" "-no-remote" "-profile" "C:\\Users\\sydne\\AppData\\Local\\Temp\\rust_mozprofilefpT9c3"
console.warn: SearchSettings: "get: No settings file exists, new profile?" (new Error("", "(unknown module)"))
1619998695307	Marionette	INFO	Listening on port 59594
1619998695631	Marionette	WARN	TLS certificate errors will be ignored for this session
JavaScript error: resource:///actors/ContentMetaChild.jsm, line 179: InvalidStateError: JSWindowActorChild.sendAsyncMessage: JSWindowActorChild cannot send at the moment
1619998729541	Marionette	INFO	Stopped listening on port 59594

###!!! [Child][RunMessage] Error: Channel closing: too late to send/recv, messages will be lost

1619999877085	geckodriver	INFO	Listening on 127.0.0.1:60424
1619999880154	mozrunner::runner	INFO	Running command: "C:\\Program Files\\Mozilla Firefox\\firefox.exe" "--marionette" "-foreground" "-no-remote" "-profile" "C:\\Users\\sydne\\AppData\\Local\\Temp\\rust_mozprofileUoBhx6"
console.warn: SearchSettings: "get: No settings file exists, new profile?" (new Error("", "(unknown module)"))
1619999883656	Marionette	INFO	Listening on port 60432
1619999883856	Marionette	WARN	TLS certificate errors will be ignored for this session
JavaScript error: , line 0: uncaught exception: undefined
1619999917998	Marionette	INFO	Stopped listening on port 60432

###!!! [Child][RunMessage] Error: Channel closing: too late to send/recv, messages will be lost

1620000009240	geckodriver	INFO	Listening on 127.0.0.1:60575
1620000012301	mozrunner::runner	INFO	Running command: "C:\\Program Files\\Mozilla Firefox\\firefox.exe" "--marionette" "-foreground" "-no-remote" "-profile" "C:\\Users\\sydne\\AppData\\Local\\Temp\\rust_mozprofile08Tm16"
console.warn: SearchSettings: "get: No settings file exists, new profile?" (new Error("", "(unknown module)"))
1620000017657	Marionette	INFO	Listening on port 60593
1620000018145	Marionette	WARN	TLS certificate errors will be ignored for this session
JavaScript error: , line 0: uncaught exception: undefined
JavaScript error: , line 0: uncaught exception: undefined
JavaScript error: , line 0: uncaught exception: undefined
JavaScript error: , line 0: uncaught exception: undefined
JavaScript error: , line 0: uncaught exception: undefined
JavaScript error: , line 0: uncaught exception: undefined
JavaScript error: , line 0: uncaught exception: undefined
1620000062377	Marionette	INFO	Stopped listening on port 60593

###!!! [Child][RunMessage] Error: Channel closing: too late to send/recv, messages will be lost

1620009503731	geckodriver	INFO	Listening on 127.0.0.1:59172
1620009506792	mozrunner::runner	INFO	Running command: "C:\\Program Files\\Mozilla Firefox\\firefox.exe" "--marionette" "-foreground" "-no-remote" "-profile" "C:\\Users\\sydne\\AppData\\Local\\Temp\\rust_mozprofileLJpLNw"
console.warn: SearchSettings: "get: No settings file exists, new profile?" (new Error("", "(unknown module)"))
1620009510720	Marionette	INFO	Listening on port 59180
1620009511004	Marionette	WARN	TLS certificate errors will be ignored for this session
JavaScript error: , line 0: uncaught exception: undefined
1620009548275	Marionette	INFO	Stopped listening on port 59180

###!!! [Child][RunMessage] Error: Channel closing: too late to send/recv, messages will be lost

1620063016657	geckodriver	INFO	Listening on 127.0.0.1:61142
1620063019726	mozrunner::runner	INFO	Running command: "C:\\Program Files\\Mozilla Firefox\\firefox.exe" "--marionette" "-foreground" "-no-remote" "-profile" "C:\\Users\\sydne\\AppData\\Local\\Temp\\rust_mozprofiled5Azql"
console.warn: SearchSettings: "get: No settings file exists, new profile?" (new Error("", "(unknown module)"))
1620063025060	Marionette	INFO	Listening on port 61150
1620063025113	Marionette	WARN	TLS certificate errors will be ignored for this session
JavaScript error: , line 0: uncaught exception: undefined
1620063071292	Marionette	INFO	Stopped listening on port 61150

###!!! [Child][RunMessage] Error: Channel closing: too late to send/recv, messages will be lost

1620068018567	geckodriver	INFO	Listening on 127.0.0.1:65189
1620068021649	mozrunner::runner	INFO	Running command: "C:\\Program Files\\Mozilla Firefox\\firefox.exe" "--marionette" "-foreground" "-no-remote" "-profile" "C:\\Users\\sydne\\AppData\\Local\\Temp\\rust_mozprofileQrNM9r"
console.warn: SearchSettings: "get: No settings file exists, new profile?" (new Error("", "(unknown module)"))
1620068025818	Marionette	INFO	Listening on port 65198
1620068025862	Marionette	WARN	TLS certificate errors will be ignored for this session
JavaScript error: , line 0: uncaught exception: undefined
JavaScript error: , line 0: uncaught exception: undefined
1620068060788	Marionette	INFO	Stopped listening on port 65198

###!!! [Child][RunMessage] Error: Channel closing: too late to send/recv, messages will be lost

1620068418319	geckodriver	INFO	Listening on 127.0.0.1:65493
1620068421378	mozrunner::runner	INFO	Running command: "C:\\Program Files\\Mozilla Firefox\\firefox.exe" "--marionette" "-foreground" "-no-remote" "-profile" "C:\\Users\\sydne\\AppData\\Local\\Temp\\rust_mozprofileJwYkUG"
console.warn: SearchSettings: "get: No settings file exists, new profile?" (new Error("", "(unknown module)"))
1620068425183	Marionette	INFO	Listening on port 65502
1620068425604	Marionette	WARN	TLS certificate errors will be ignored for this session
IPDL protocol error: Handler returned error code!

###!!! [Parent][DispatchAsyncMessage] Error: PMessagePort::Msg_PostMessages Processing error: message was deserialized, but the handler returned false (indicating failure)

JavaScript error: , line 0: uncaught exception: undefined
1620068501456	Marionette	WARN	Ignoring event 'DOMContentLoaded' because document has an invalid readyState of 'complete'.
JavaScript error: , line 0: uncaught exception: undefined
IPDL protocol error: Handler returned error code!

###!!! [Parent][DispatchAsyncMessage] Error: PMessagePort::Msg_PostMessages Processing error: message was deserialized, but the handler returned false (indicating failure)

JavaScript error: , line 0: uncaught exception: undefined
JavaScript error: https://e425e19c6264acebffea36fd98d81374.safeframe.googlesyndication.com/safeframe/1-0-38/html/container.html line 13 > injectedScript, line 14: ReferenceError: buildAttribution is not defined
JavaScript error: , line 0: uncaught exception: undefined
JavaScript error: , line 0: uncaught exception: undefined
JavaScript error: , line 0: uncaught exception: undefined
JavaScript error: , line 0: uncaught exception: undefined
JavaScript error: , line 0: uncaught exception: undefined
JavaScript error: , line 0: uncaught exception: undefined
JavaScript error: , line 0: uncaught exception: undefined
JavaScript error: , line 0: uncaught exception: undefined
JavaScript error: , line 0: uncaught exception: undefined
JavaScript error: , line 0: uncaught exception: undefined
JavaScript error: , line 0: uncaught exception: undefined
JavaScript error: resource:///actors/ContentMetaChild.jsm, line 179: InvalidStateError: JSWindowActorChild.sendAsyncMessage: JSWindowActorChild cannot send at the moment
JavaScript error: , line 0: uncaught exception: undefined
JavaScript error: , line 0: uncaught exception: undefined
JavaScript error: , line 0: uncaught exception: undefined
JavaScript error: resource:///actors/ContentMetaChild.jsm, line 179: InvalidStateError: JSWindowActorChild.sendAsyncMessage: JSWindowActorChild cannot send at the moment
JavaScript error: , line 0: uncaught exception: undefined
JavaScript error: , line 0: uncaught exception: undefined
JavaScript error: , line 0: uncaught exception: undefined
JavaScript error: , line 0: uncaught exception: undefined
JavaScript error: , line 0: uncaught exception: undefined
JavaScript error: , line 0: uncaught exception: undefined
JavaScript error: , line 0: uncaught exception: undefined
JavaScript error: , line 0: uncaught exception: undefined
JavaScript error: , line 0: uncaught exception: undefined
JavaScript error: , line 0: uncaught exception: undefined
JavaScript error: resource:///actors/ContentMetaChild.jsm, line 179: InvalidStateError: JSWindowActorChild.sendAsyncMessage: JSWindowActorChild cannot send at the moment
JavaScript error: , line 0: uncaught exception: undefined
JavaScript error: , line 0: uncaught exception: undefined
JavaScript error: , line 0: uncaught exception: undefined
JavaScript error: , line 0: uncaught exception: undefined
JavaScript error: , line 0: uncaught exception: undefined
JavaScript error: , line 0: uncaught exception: undefined
JavaScript error: , line 0: uncaught exception: undefined
JavaScript error: , line 0: uncaught exception: undefined
JavaScript error: , line 0: uncaught exception: undefined
JavaScript error: , line 0: uncaught exception: undefined
JavaScript error: , line 0: uncaught exception: undefined
JavaScript error: , line 0: uncaught exception: undefined
JavaScript error: , line 0: uncaught exception: undefined
JavaScript error: , line 0: uncaught exception: undefined
JavaScript error: , line 0: uncaught exception: undefined
JavaScript error: , line 0: uncaught exception: undefined
JavaScript error: , line 0: uncaught exception: undefined
JavaScript error: , line 0: uncaught exception: undefined
JavaScript error: , line 0: uncaught exception: undefined
JavaScript error: , line 0: uncaught exception: undefined
JavaScript error: , line 0: uncaught exception: undefined
JavaScript error: , line 0: uncaught exception: undefined
console.log: WebExtensions: reset-default-search: No addons in our list are installed.
JavaScript error: , line 0: uncaught exception: undefined
JavaScript error: , line 0: uncaught exception: undefined
JavaScript error: , line 0: uncaught exception: undefined
JavaScript error: , line 0: uncaught exception: undefined
JavaScript error: , line 0: uncaught exception: undefined
JavaScript error: , line 0: uncaught exception: undefined
JavaScript error: , line 0: uncaught exception: undefined
JavaScript error: resource:///actors/ContentMetaChild.jsm, line 179: InvalidStateError: JSWindowActorChild.sendAsyncMessage: JSWindowActorChild cannot send at the moment
JavaScript error: , line 0: uncaught exception: undefined
JavaScript error: , line 0: uncaught exception: undefined
JavaScript error: , line 0: uncaught exception: undefined
JavaScript error: , line 0: uncaught exception: undefined
JavaScript error: , line 0: uncaught exception: undefined
JavaScript error: , line 0: uncaught exception: undefined
JavaScript error: , line 0: uncaught exception: undefined
JavaScript error: , line 0: uncaught exception: undefined
JavaScript error: , line 0: uncaught exception: undefined
JavaScript error: , line 0: uncaught exception: undefined
JavaScript error: , line 0: uncaught exception: undefined
JavaScript error: , line 0: uncaught exception: undefined
JavaScript error: , line 0: uncaught exception: undefined
JavaScript error: , line 0: uncaught exception: undefined
JavaScript error: , line 0: uncaught exception: undefined
JavaScript error: , line 0: uncaught exception: undefined
JavaScript error: resource:///actors/ContentMetaChild.jsm, line 179: InvalidStateError: JSWindowActorChild.sendAsyncMessage: JSWindowActorChild cannot send at the moment
JavaScript error: , line 0: uncaught exception: undefined
JavaScript error: , line 0: uncaught exception: undefined
JavaScript error: resource:///actors/ContentMetaChild.jsm, line 179: InvalidStateError: JSWindowActorChild.sendAsyncMessage: JSWindowActorChild cannot send at the moment
JavaScript error: , line 0: uncaught exception: undefined
JavaScript error: , line 0: uncaught exception: undefined
JavaScript error: resource:///actors/ContentMetaChild.jsm, line 179: InvalidStateError: JSWindowActorChild.sendAsyncMessage: JSWindowActorChild cannot send at the moment
JavaScript error: , line 0: uncaught exception: undefined
JavaScript error: , line 0: uncaught exception: undefined
JavaScript error: , line 0: uncaught exception: undefined
JavaScript error: , line 0: uncaught exception: undefined
JavaScript error: , line 0: uncaught exception: undefined
JavaScript error: , line 0: uncaught exception: undefined
JavaScript error: , line 0: uncaught exception: undefined
JavaScript error: , line 0: uncaught exception: undefined
JavaScript error: , line 0: uncaught exception: undefined
JavaScript error: , line 0: uncaught exception: undefined
JavaScript error: , line 0: uncaught exception: undefined
JavaScript error: , line 0: uncaught exception: undefined
JavaScript error: , line 0: uncaught exception: undefined
JavaScript error: , line 0: uncaught exception: undefined
JavaScript error: resource:///actors/ContentMetaChild.jsm, line 179: InvalidStateError: JSWindowActorChild.sendAsyncMessage: JSWindowActorChild cannot send at the moment
JavaScript error: , line 0: uncaught exception: undefined
JavaScript error: , line 0: uncaught exception: undefined
JavaScript error: , line 0: uncaught exception: undefined
JavaScript error: , line 0: uncaught exception: undefined
JavaScript error: , line 0: uncaught exception: undefined
JavaScript error: , line 0: uncaught exception: undefined
JavaScript error: , line 0: uncaught exception: undefined
JavaScript error: , line 0: uncaught exception: undefined
JavaScript error: , line 0: uncaught exception: undefined
1620069358916	Marionette	INFO	Stopped listening on port 65502

###!!! [Child][RunMessage] Error: Channel closing: too late to send/recv, messages will be lost

1633458571007	geckodriver	INFO	Listening on 127.0.0.1:62746
1633458574116	mozrunner::runner	INFO	Running command: "C:\\Program Files\\Mozilla Firefox\\firefox.exe" "--marionette" "-foreground" "-no-remote" "-profile" "C:\\Users\\sydne\\AppData\\Local\\Temp\\rust_mozprofileyqfZo8"
1633458718907	geckodriver	INFO	Listening on 127.0.0.1:57900
1633458722013	mozrunner::runner	INFO	Running command: "C:\\Program Files\\Mozilla Firefox\\firefox.exe" "--marionette" "-foreground" "-no-remote" "-profile" "C:\\Users\\sydne\\AppData\\Local\\Temp\\rust_mozprofilek80kNS"
1633458722972	Marionette	INFO	Marionette enabled
console.warn: SearchSettings: "get: No settings file exists, new profile?" (new NotFoundError("Could not open the file at C:\\Users\\sydne\\AppData\\Local\\Temp\\rust_mozprofilek80kNS\\search.json.mozlz4", (void 0)))
1633458726654	Marionette	INFO	Listening on port 57908
1633458727039	RemoteAgent	WARN	TLS certificate errors will be ignored for this session
JavaScript error: , line 0: uncaught exception: undefined
JavaScript error: , line 0: uncaught exception: undefined
JavaScript error: , line 0: uncaught exception: undefined
JavaScript error: , line 0: uncaught exception: undefined
JavaScript error: , line 0: uncaught exception: undefined
JavaScript error: resource:///actors/ContentMetaChild.jsm, line 179: InvalidStateError: JSWindowActorChild.sendAsyncMessage: JSWindowActorChild cannot send at the moment
1633458892585	Marionette	INFO	Stopped listening on port 57908
JavaScript error: resource:///modules/Interactions.jsm, line 230: NS_ERROR_FAILURE: Component returned failure code: 0x80004005 (NS_ERROR_FAILURE) [nsIUserIdleService.removeIdleObserver]

###!!! [Child][MessageChannel] Error: (msgtype=0x690023,name=PNecko::Msg_RemoveRequestContext) Channel closing: too late to send/recv, messages will be lost

